<?xml version="1.0" encoding="UTF-8"?>
<testsuite xmlns:xsi="http://www.w3.org/2001/XMLSchema-instance" xsi:noNamespaceSchemaLocation="https://maven.apache.org/surefire/maven-surefire-plugin/xsd/surefire-test-report-3.0.xsd" version="3.0" name="test.db.dbConnection" time="0.01" tests="0" errors="0" skipped="0" failures="0">
  <properties>
    <property name="jpda.address" value="52188"/>
    <property name="java.specification.version" value="20"/>
    <property name="sun.cpu.isalist" value="amd64"/>
    <property name="sun.jnu.encoding" value="UTF-8"/>
    <property name="java.class.path" value="D:\Biblioteca\Documentos\NetBeansProjects\Proyecto_DAS\target\test-classes;D:\Biblioteca\Documentos\NetBeansProjects\Proyecto_DAS\target\classes;C:\Users\devCcori\.m2\repository\com\microsoft\sqlserver\mssql-jdbc\12.2.0.jre11\mssql-jdbc-12.2.0.jre11.jar;"/>
    <property name="java.vm.vendor" value="Oracle Corporation"/>
    <property name="sun.arch.data.model" value="64"/>
    <property name="user.variant" value=""/>
    <property name="java.vendor.url" value="https://java.oracle.com/"/>
    <property name="user.timezone" value="America/Bogota"/>
    <property name="forkMode" value="once"/>
    <property name="os.name" value="Windows 11"/>
    <property name="java.vm.specification.version" value="20"/>
    <property name="user.country" value="MX"/>
    <property name="sun.java.launcher" value="SUN_STANDARD"/>
    <property name="sun.boot.library.path" value="D:\Programacion\Java\jdk-20\bin"/>
    <property name="sun.java.command" value="C:\Users\devCcori\AppData\Local\Temp\surefire10372465023666321129\surefirebooter-20230630125237462_3.jar C:\Users\devCcori\AppData\Local\Temp\surefire10372465023666321129 2023-06-30T12-52-37_272-jvmRun1 surefire-20230630125237462_1tmp surefire_0-20230630125237462_2tmp"/>
    <property name="jdk.debug" value="release"/>
    <property name="test" value="test.db.dbConnection"/>
    <property name="surefire.test.class.path" value="D:\Biblioteca\Documentos\NetBeansProjects\Proyecto_DAS\target\test-classes;D:\Biblioteca\Documentos\NetBeansProjects\Proyecto_DAS\target\classes;C:\Users\devCcori\.m2\repository\com\microsoft\sqlserver\mssql-jdbc\12.2.0.jre11\mssql-jdbc-12.2.0.jre11.jar;"/>
    <property name="sun.cpu.endian" value="little"/>
    <property name="user.home" value="C:\Users\devCcori"/>
    <property name="user.language" value="es"/>
    <property name="java.specification.vendor" value="Oracle Corporation"/>
    <property name="java.version.date" value="2023-03-21"/>
    <property name="java.home" value="D:\Programacion\Java\jdk-20"/>
    <property name="file.separator" value="\"/>
    <property name="basedir" value="D:\Biblioteca\Documentos\NetBeansProjects\Proyecto_DAS"/>
    <property name="java.vm.compressedOopsMode" value="Zero based"/>
    <property name="line.separator" value="&#10;"/>
    <property name="java.vm.specification.vendor" value="Oracle Corporation"/>
    <property name="java.specification.name" value="Java Platform API Specification"/>
    <property name="surefire.real.class.path" value="C:\Users\devCcori\AppData\Local\Temp\surefire10372465023666321129\surefirebooter-20230630125237462_3.jar"/>
    <property name="user.script" value=""/>
    <property name="sun.management.compiler" value="HotSpot 64-Bit Tiered Compilers"/>
    <property name="java.runtime.version" value="20+36-2344"/>
    <property name="user.name" value="devCcori"/>
    <property name="stdout.encoding" value="UTF-8"/>
    <property name="path.separator" value=";"/>
    <property name="os.version" value="10.0"/>
    <property name="java.runtime.name" value="Java(TM) SE Runtime Environment"/>
    <property name="file.encoding" value="UTF-8"/>
    <property name="java.vm.name" value="Java HotSpot(TM) 64-Bit Server VM"/>
    <property name="jpda.listen" value="true"/>
    <property name="maven.ext.class.path" value="C:\Users\devCcori\.vscode\extensions\asf.apache-netbeans-java-18.0.0\nbcode\java\maven-nblib\netbeans-eventspy.jar"/>
    <property name="localRepository" value="C:\Users\devCcori\.m2\repository"/>
    <property name="java.vendor.url.bug" value="https://bugreport.java.com/bugreport/"/>
    <property name="java.io.tmpdir" value="C:\Users\devCcori\AppData\Local\Temp\"/>
    <property name="java.version" value="20"/>
    <property name="user.dir" value="D:\Biblioteca\Documentos\NetBeansProjects\Proyecto_DAS"/>
    <property name="os.arch" value="amd64"/>
    <property name="java.vm.specification.name" value="Java Virtual Machine Specification"/>
    <property name="sun.os.patch.level" value=""/>
    <property name="native.encoding" value="UTF-8"/>
    <property name="java.library.path" value="D:\Programacion\Java\jdk-20\bin;C:\Windows\Sun\Java\bin;C:\Windows\system32;C:\Windows;C:\Program Files\Common Files\Oracle\Java\javapath;C:\Program Files\Microsoft MPI\Bin\;C:\Windows\system32;C:\Windows;C:\Windows\System32\Wbem;C:\Windows\System32\WindowsPowerShell\v1.0\;C:\Windows\System32\OpenSSH\;C:\Program Files (x86)\NVIDIA Corporation\PhysX\Common;C:\Program Files\NVIDIA Corporation\NVIDIA NvDLISR;C:\Program Files\Microsoft SQL Server\150\Tools\Binn\;C:\Program Files\Microsoft SQL Server\Client SDK\ODBC\170\Tools\Binn\;C:\Program Files (x86)\Microsoft SQL Server\160\Tools\Binn\;C:\Program Files\Microsoft SQL Server\160\Tools\Binn\;C:\Program Files\Microsoft SQL Server\160\DTS\Binn\;C:\Program Files (x86)\Microsoft SQL Server\160\DTS\Binn\;C:\Program Files\Azure Data Studio\bin;D:\Odoo;D:\Programacion\Git\cmd;C:\Program Files\PowerShell\7\;C:\Program Files\dotnet\;C:\JupyterLab;C:\Users\devCcori\AppData\Local\Programs\Python\Python311\Scripts\;C:\Users\devCcori\AppData\Local\Programs\Python\Python311\;C:\Users\devCcori\AppData\Local\Microsoft\WindowsApps;C:\Users\devCcori\.dotnet\tools;D:\Programacion\JetBrains\PyCharm 2022.3.1\bin;D:\Odoo;C:\Users\devCcori\AppData\Local\JetBrains\Toolbox\scripts;D:\Programas\Latex\miktex\bin\x64\;C:\Users\devCcori\.dotnet\tools;D:\Programacion\Julia-1.9.0\bin;C:\Users\devCcori\AppData\Local\Programs\Microsoft VS Code\bin;."/>
    <property name="java.vm.info" value="mixed mode, sharing"/>
    <property name="stderr.encoding" value="UTF-8"/>
    <property name="java.vendor" value="Oracle Corporation"/>
    <property name="java.vm.version" value="20+36-2344"/>
    <property name="sun.io.unicode.encoding" value="UnicodeLittle"/>
    <property name="java.class.version" value="64.0"/>
    <property name="maven.surefire.debug" value="-agentlib:jdwp=transport=dt_socket,server=n,address=52188"/>
  </properties>
</testsuite>